|--------------------------------|
running...80
|--------------------------------|
running...80

  Error: Parse Error

{ [Error: Parse Error]
  bytesParsed: 764,
  code: 'HPE_INVALID_METHOD',
  rawPacket:
   <Buffer 61 36 6f 6a 6d 79 71 66 67 4c 78 79 50 64 35 58 74 39 73 51 6d 48 78 6f 4b 71 6d 4c 64 53 45 78 62 6e 78 42 6b 31 48 6f 34 39 71 58 53 43 36 72 6b 6a ... 715 more bytes>,
  headerSent: true }

  Error: Parse Error

{ [Error: Parse Error]
  bytesParsed: 2188,
  code: 'HPE_INVALID_METHOD',
  rawPacket:
   <Buffer 50 52 4f 50 46 49 4e 44 20 2f 20 48 54 54 50 2f 31 2e 31 0d 0a 48 6f 73 74 3a 20 6c 6f 63 61 6c 68 6f 73 74 0d 0a 43 6f 6e 6e 65 63 74 69 6f 6e 3a 20 ... 2139 more bytes>,
  headerSent: true }
|--------------------------------|
running...5000
|--------------------------------|
running...80
|--------------------------------|
running...80
|--------------------------------|
running...80
EISDIR: illegal operation on a directory, open '/root/Projects/koa_app/files/'
|--------------------------------|
running...80
{ memberId: 2 }
{ memberId: 2 }

  Error: Parse Error

{ [Error: Parse Error]
  bytesParsed: 2188,
  code: 'HPE_INVALID_METHOD',
  rawPacket:
   <Buffer 50 52 4f 50 46 49 4e 44 20 2f 20 48 54 54 50 2f 31 2e 31 0d 0a 48 6f 73 74 3a 20 6c 6f 63 61 6c 68 6f 73 74 0d 0a 43 6f 6e 6e 65 63 74 69 6f 6e 3a 20 ... 2139 more bytes>,
  headerSent: true }

  Error: Parse Error

{ [Error: Parse Error]
  bytesParsed: 2188,
  code: 'HPE_INVALID_METHOD',
  rawPacket:
   <Buffer 50 52 4f 50 46 49 4e 44 20 2f 20 48 54 54 50 2f 31 2e 31 0d 0a 48 6f 73 74 3a 20 6c 6f 63 61 6c 68 6f 73 74 0d 0a 43 6f 6e 6e 65 63 74 69 6f 6e 3a 20 ... 2139 more bytes>,
  headerSent: true }
|--------------------------------|
running...80

  Error: Parse Error

{ [Error: Parse Error]
  bytesParsed: 2188,
  code: 'HPE_INVALID_METHOD',
  rawPacket:
   <Buffer 50 52 4f 50 46 49 4e 44 20 2f 20 48 54 54 50 2f 31 2e 31 0d 0a 48 6f 73 74 3a 20 6c 6f 63 61 6c 68 6f 73 74 0d 0a 43 6f 6e 6e 65 63 74 69 6f 6e 3a 20 ... 2139 more bytes>,
  headerSent: true }

  Error: Parse Error

{ [Error: Parse Error]
  bytesParsed: 2188,
  code: 'HPE_INVALID_METHOD',
  rawPacket:
   <Buffer 50 52 4f 50 46 49 4e 44 20 2f 20 48 54 54 50 2f 31 2e 31 0d 0a 48 6f 73 74 3a 20 6c 6f 63 61 6c 68 6f 73 74 0d 0a 43 6f 6e 6e 65 63 74 69 6f 6e 3a 20 ... 2139 more bytes>,
  headerSent: true }

  Error: Parse Error

{ [Error: Parse Error]
  bytesParsed: 18,
  code: 'HPE_INVALID_METHOD',
  rawPacket:
   <Buffer 50 4f 53 54 20 2f 20 48 54 54 50 2f 31 2e 31 0a 0a 48 6f 73 74 3a 20 31 31 38 2e 31 32 36 2e 31 30 38 2e 33 36 0a 0a 55 73 65 72 2d 41 67 65 6e 74 3a ... 131 more bytes>,
  headerSent: true }
|--------------------------------|
running...5000
|--------------------------------|
running...80
|--------------------------------|
running...80

  Error: write EPIPE
      at WriteWrap.onWriteComplete [as oncomplete] (internal/stream_base_commons.js:66:16)

{ Error: write EPIPE
    at WriteWrap.onWriteComplete [as oncomplete] (internal/stream_base_commons.js:66:16)
  errno: 'EPIPE',
  code: 'EPIPE',
  syscall: 'write',
  headerSent: true }

  Error: write EPIPE
      at WriteWrap.onWriteComplete [as oncomplete] (internal/stream_base_commons.js:66:16)

{ Error: write EPIPE
    at WriteWrap.onWriteComplete [as oncomplete] (internal/stream_base_commons.js:66:16)
  errno: 'EPIPE',
  code: 'EPIPE',
  syscall: 'write',
  headerSent: true }

  Error: write EPIPE
      at WriteWrap.onWriteComplete [as oncomplete] (internal/stream_base_commons.js:66:16)

{ Error: write EPIPE
    at WriteWrap.onWriteComplete [as oncomplete] (internal/stream_base_commons.js:66:16)
  errno: 'EPIPE',
  code: 'EPIPE',
  syscall: 'write',
  headerSent: true }

  Error: write EPIPE
      at WriteWrap.onWriteComplete [as oncomplete] (internal/stream_base_commons.js:66:16)

{ Error: write EPIPE
    at WriteWrap.onWriteComplete [as oncomplete] (internal/stream_base_commons.js:66:16)
  errno: 'EPIPE',
  code: 'EPIPE',
  syscall: 'write',
  headerSent: true }

  Error: write EPIPE
      at WriteWrap.onWriteComplete [as oncomplete] (internal/stream_base_commons.js:66:16)

{ Error: write EPIPE
    at WriteWrap.onWriteComplete [as oncomplete] (internal/stream_base_commons.js:66:16)
  errno: 'EPIPE',
  code: 'EPIPE',
  syscall: 'write',
  headerSent: true }

  Error: write EPIPE
      at WriteWrap.onWriteComplete [as oncomplete] (internal/stream_base_commons.js:66:16)

{ Error: write EPIPE
    at WriteWrap.onWriteComplete [as oncomplete] (internal/stream_base_commons.js:66:16)
  errno: 'EPIPE',
  code: 'EPIPE',
  syscall: 'write',
  headerSent: true }
/api/users/login secretOrPrivateKey must have a value
/api/users/login secretOrPrivateKey must have a value
/api/users/login secretOrPrivateKey must have a value
/api/users/login secretOrPrivateKey must have a value
|--------------------------------|
running...80
|--------------------------------|
running...80
{ phone: '17882451908' }
/sms 账户余额不足, URL: http://dysmsapi.aliyuncs.com/?AccessKeyId=LTAIhtjgtRLPvhLd&Action=SendSms&Format=JSON&PhoneNumbers=17882451908&SignName=%E5%89%8D%E7%AB%AF%E6%95%B0%E6%8D%AE%E5%8F%AF%E8%A7%86%E5%8C%96&SignatureMethod=HMAC-SHA1&SignatureNonce=f3ee2bd24b8c66c46eceadf4efc92a91&SignatureVersion=1.0&TemplateCode=SMS_151178117&TemplateParam=%7B%22code%22%3A196348%7D&Timestamp=2019-02-25T14%3A05%3A27Z&Version=2017-05-25&Signature=XFVmC3oQuf0XbVYy1SP5a99NuAk%3D
{ phone: '17882451908' }
{ memberId: 1 }
{ memberId: 1 }
/api/goods/add_product Expected valid fit for fit but received inside1 of type string

  Error: Parse Error

{ [Error: Parse Error]
  bytesParsed: 2188,
  code: 'HPE_INVALID_METHOD',
  rawPacket:
   <Buffer 50 52 4f 50 46 49 4e 44 20 2f 20 48 54 54 50 2f 31 2e 31 0d 0a 48 6f 73 74 3a 20 6c 6f 63 61 6c 68 6f 73 74 0d 0a 43 6f 6e 6e 65 63 74 69 6f 6e 3a 20 ... 2139 more bytes>,
  headerSent: true }
/api/goods/add_product Expected valid fit for fit but received inside1 of type string
|--------------------------------|
running...80
|--------------------------------|
running...80

  Error: Parse Error

{ [Error: Parse Error]
  bytesParsed: 327,
  code: 'HPE_INVALID_METHOD',
  rawPacket:
   <Buffer 47 45 54 20 68 74 74 70 3a 2f 2f 31 31 38 2e 31 32 36 2e 31 30 38 2e 33 36 2f 20 48 54 54 50 2f 31 2e 31 0a 48 6f 73 74 3a 20 31 31 38 2e 31 32 36 2e ... 974 more bytes>,
  headerSent: true }

  Error: write EPIPE
      at WriteWrap.onWriteComplete [as oncomplete] (internal/stream_base_commons.js:66:16)

{ Error: write EPIPE
    at WriteWrap.onWriteComplete [as oncomplete] (internal/stream_base_commons.js:66:16)
  errno: 'EPIPE',
  code: 'EPIPE',
  syscall: 'write',
  headerSent: true }

  Error: write EPIPE
      at WriteWrap.onWriteComplete [as oncomplete] (internal/stream_base_commons.js:66:16)

{ Error: write EPIPE
    at WriteWrap.onWriteComplete [as oncomplete] (internal/stream_base_commons.js:66:16)
  errno: 'EPIPE',
  code: 'EPIPE',
  syscall: 'write',
  headerSent: true }

  Error: write EPIPE
      at WriteWrap.onWriteComplete [as oncomplete] (internal/stream_base_commons.js:66:16)

{ Error: write EPIPE
    at WriteWrap.onWriteComplete [as oncomplete] (internal/stream_base_commons.js:66:16)
  errno: 'EPIPE',
  code: 'EPIPE',
  syscall: 'write',
  headerSent: true }
{ BadRequestError: failed to decode
    at Object.throw (/root/Projects/koa_app/node_modules/_koa@2.7.0@koa/lib/context.js:97:11)
    at send (/root/Projects/koa_app/node_modules/_koa-send@5.0.0@koa-send/index.js:63:36)
    at serve (/root/Projects/koa_app/node_modules/_koa-static@5.0.0@koa-static/index.js:44:24)
    at dispatch (/root/Projects/koa_app/node_modules/_koa-compose@4.1.0@koa-compose/index.js:42:32)
    at cors (/root/Projects/koa_app/node_modules/_koa2-cors@2.0.6@koa2-cors/dist/index.js:91:15)
    at dispatch (/root/Projects/koa_app/node_modules/_koa-compose@4.1.0@koa-compose/index.js:42:32)
    at /root/Projects/koa_app/node_modules/_koa-compose@4.1.0@koa-compose/index.js:34:12
    at Application.handleRequest (/root/Projects/koa_app/node_modules/_koa@2.7.0@koa/lib/application.js:151:12)
    at Server.handleRequest (/root/Projects/koa_app/node_modules/_koa@2.7.0@koa/lib/application.js:133:19)
    at Server.emit (events.js:188:13) message: 'failed to decode' }
{ BadRequestError: failed to decode
    at Object.throw (/root/Projects/koa_app/node_modules/_koa@2.7.0@koa/lib/context.js:97:11)
    at send (/root/Projects/koa_app/node_modules/_koa-send@5.0.0@koa-send/index.js:63:36)
    at serve (/root/Projects/koa_app/node_modules/_koa-static@5.0.0@koa-static/index.js:44:24)
    at dispatch (/root/Projects/koa_app/node_modules/_koa-compose@4.1.0@koa-compose/index.js:42:32)
    at cors (/root/Projects/koa_app/node_modules/_koa2-cors@2.0.6@koa2-cors/dist/index.js:91:15)
    at dispatch (/root/Projects/koa_app/node_modules/_koa-compose@4.1.0@koa-compose/index.js:42:32)
    at /root/Projects/koa_app/node_modules/_koa-compose@4.1.0@koa-compose/index.js:34:12
    at Application.handleRequest (/root/Projects/koa_app/node_modules/_koa@2.7.0@koa/lib/application.js:151:12)
    at Server.handleRequest (/root/Projects/koa_app/node_modules/_koa@2.7.0@koa/lib/application.js:133:19)
    at Server.emit (events.js:188:13) message: 'failed to decode' }
{ BadRequestError: failed to decode
    at Object.throw (/root/Projects/koa_app/node_modules/_koa@2.7.0@koa/lib/context.js:97:11)
    at send (/root/Projects/koa_app/node_modules/_koa-send@5.0.0@koa-send/index.js:63:36)
    at serve (/root/Projects/koa_app/node_modules/_koa-static@5.0.0@koa-static/index.js:44:24)
    at dispatch (/root/Projects/koa_app/node_modules/_koa-compose@4.1.0@koa-compose/index.js:42:32)
    at cors (/root/Projects/koa_app/node_modules/_koa2-cors@2.0.6@koa2-cors/dist/index.js:91:15)
    at dispatch (/root/Projects/koa_app/node_modules/_koa-compose@4.1.0@koa-compose/index.js:42:32)
    at /root/Projects/koa_app/node_modules/_koa-compose@4.1.0@koa-compose/index.js:34:12
    at Application.handleRequest (/root/Projects/koa_app/node_modules/_koa@2.7.0@koa/lib/application.js:151:12)
    at Server.handleRequest (/root/Projects/koa_app/node_modules/_koa@2.7.0@koa/lib/application.js:133:19)
    at Server.emit (events.js:188:13) message: 'failed to decode' }
{ BadRequestError: failed to decode
    at Object.throw (/root/Projects/koa_app/node_modules/_koa@2.7.0@koa/lib/context.js:97:11)
    at send (/root/Projects/koa_app/node_modules/_koa-send@5.0.0@koa-send/index.js:63:36)
    at serve (/root/Projects/koa_app/node_modules/_koa-static@5.0.0@koa-static/index.js:44:24)
    at dispatch (/root/Projects/koa_app/node_modules/_koa-compose@4.1.0@koa-compose/index.js:42:32)
    at cors (/root/Projects/koa_app/node_modules/_koa2-cors@2.0.6@koa2-cors/dist/index.js:91:15)
    at dispatch (/root/Projects/koa_app/node_modules/_koa-compose@4.1.0@koa-compose/index.js:42:32)
    at /root/Projects/koa_app/node_modules/_koa-compose@4.1.0@koa-compose/index.js:34:12
    at Application.handleRequest (/root/Projects/koa_app/node_modules/_koa@2.7.0@koa/lib/application.js:151:12)
    at Server.handleRequest (/root/Projects/koa_app/node_modules/_koa@2.7.0@koa/lib/application.js:133:19)
    at Server.emit (events.js:188:13) message: 'failed to decode' }
{ BadRequestError: failed to decode
    at Object.throw (/root/Projects/koa_app/node_modules/_koa@2.7.0@koa/lib/context.js:97:11)
    at send (/root/Projects/koa_app/node_modules/_koa-send@5.0.0@koa-send/index.js:63:36)
    at serve (/root/Projects/koa_app/node_modules/_koa-static@5.0.0@koa-static/index.js:44:24)
    at dispatch (/root/Projects/koa_app/node_modules/_koa-compose@4.1.0@koa-compose/index.js:42:32)
    at cors (/root/Projects/koa_app/node_modules/_koa2-cors@2.0.6@koa2-cors/dist/index.js:91:15)
    at dispatch (/root/Projects/koa_app/node_modules/_koa-compose@4.1.0@koa-compose/index.js:42:32)
    at /root/Projects/koa_app/node_modules/_koa-compose@4.1.0@koa-compose/index.js:34:12
    at Application.handleRequest (/root/Projects/koa_app/node_modules/_koa@2.7.0@koa/lib/application.js:151:12)
    at Server.handleRequest (/root/Projects/koa_app/node_modules/_koa@2.7.0@koa/lib/application.js:133:19)
    at Server.emit (events.js:188:13) message: 'failed to decode' }
{ BadRequestError: failed to decode
    at Object.throw (/root/Projects/koa_app/node_modules/_koa@2.7.0@koa/lib/context.js:97:11)
    at send (/root/Projects/koa_app/node_modules/_koa-send@5.0.0@koa-send/index.js:63:36)
    at serve (/root/Projects/koa_app/node_modules/_koa-static@5.0.0@koa-static/index.js:44:24)
    at dispatch (/root/Projects/koa_app/node_modules/_koa-compose@4.1.0@koa-compose/index.js:42:32)
    at cors (/root/Projects/koa_app/node_modules/_koa2-cors@2.0.6@koa2-cors/dist/index.js:91:15)
    at dispatch (/root/Projects/koa_app/node_modules/_koa-compose@4.1.0@koa-compose/index.js:42:32)
    at /root/Projects/koa_app/node_modules/_koa-compose@4.1.0@koa-compose/index.js:34:12
    at Application.handleRequest (/root/Projects/koa_app/node_modules/_koa@2.7.0@koa/lib/application.js:151:12)
    at Server.handleRequest (/root/Projects/koa_app/node_modules/_koa@2.7.0@koa/lib/application.js:133:19)
    at Server.emit (events.js:188:13) message: 'failed to decode' }
{ BadRequestError: failed to decode
    at Object.throw (/root/Projects/koa_app/node_modules/_koa@2.7.0@koa/lib/context.js:97:11)
    at send (/root/Projects/koa_app/node_modules/_koa-send@5.0.0@koa-send/index.js:63:36)
    at serve (/root/Projects/koa_app/node_modules/_koa-static@5.0.0@koa-static/index.js:44:24)
    at dispatch (/root/Projects/koa_app/node_modules/_koa-compose@4.1.0@koa-compose/index.js:42:32)
    at cors (/root/Projects/koa_app/node_modules/_koa2-cors@2.0.6@koa2-cors/dist/index.js:91:15)
    at dispatch (/root/Projects/koa_app/node_modules/_koa-compose@4.1.0@koa-compose/index.js:42:32)
    at /root/Projects/koa_app/node_modules/_koa-compose@4.1.0@koa-compose/index.js:34:12
    at Application.handleRequest (/root/Projects/koa_app/node_modules/_koa@2.7.0@koa/lib/application.js:151:12)
    at Server.handleRequest (/root/Projects/koa_app/node_modules/_koa@2.7.0@koa/lib/application.js:133:19)
    at Server.emit (events.js:188:13) message: 'failed to decode' }
{ BadRequestError: failed to decode
    at Object.throw (/root/Projects/koa_app/node_modules/_koa@2.7.0@koa/lib/context.js:97:11)
    at send (/root/Projects/koa_app/node_modules/_koa-send@5.0.0@koa-send/index.js:63:36)
    at serve (/root/Projects/koa_app/node_modules/_koa-static@5.0.0@koa-static/index.js:44:24)
    at dispatch (/root/Projects/koa_app/node_modules/_koa-compose@4.1.0@koa-compose/index.js:42:32)
    at cors (/root/Projects/koa_app/node_modules/_koa2-cors@2.0.6@koa2-cors/dist/index.js:91:15)
    at dispatch (/root/Projects/koa_app/node_modules/_koa-compose@4.1.0@koa-compose/index.js:42:32)
    at /root/Projects/koa_app/node_modules/_koa-compose@4.1.0@koa-compose/index.js:34:12
    at Application.handleRequest (/root/Projects/koa_app/node_modules/_koa@2.7.0@koa/lib/application.js:151:12)
    at Server.handleRequest (/root/Projects/koa_app/node_modules/_koa@2.7.0@koa/lib/application.js:133:19)
    at Server.emit (events.js:188:13) message: 'failed to decode' }
{ BadRequestError: failed to decode
    at Object.throw (/root/Projects/koa_app/node_modules/_koa@2.7.0@koa/lib/context.js:97:11)
    at send (/root/Projects/koa_app/node_modules/_koa-send@5.0.0@koa-send/index.js:63:36)
    at serve (/root/Projects/koa_app/node_modules/_koa-static@5.0.0@koa-static/index.js:44:24)
    at dispatch (/root/Projects/koa_app/node_modules/_koa-compose@4.1.0@koa-compose/index.js:42:32)
    at cors (/root/Projects/koa_app/node_modules/_koa2-cors@2.0.6@koa2-cors/dist/index.js:91:15)
    at dispatch (/root/Projects/koa_app/node_modules/_koa-compose@4.1.0@koa-compose/index.js:42:32)
    at /root/Projects/koa_app/node_modules/_koa-compose@4.1.0@koa-compose/index.js:34:12
    at Application.handleRequest (/root/Projects/koa_app/node_modules/_koa@2.7.0@koa/lib/application.js:151:12)
    at Server.handleRequest (/root/Projects/koa_app/node_modules/_koa@2.7.0@koa/lib/application.js:133:19)
    at Server.emit (events.js:188:13) message: 'failed to decode' }
{ BadRequestError: failed to decode
    at Object.throw (/root/Projects/koa_app/node_modules/_koa@2.7.0@koa/lib/context.js:97:11)
    at send (/root/Projects/koa_app/node_modules/_koa-send@5.0.0@koa-send/index.js:63:36)
    at serve (/root/Projects/koa_app/node_modules/_koa-static@5.0.0@koa-static/index.js:44:24)
    at dispatch (/root/Projects/koa_app/node_modules/_koa-compose@4.1.0@koa-compose/index.js:42:32)
    at cors (/root/Projects/koa_app/node_modules/_koa2-cors@2.0.6@koa2-cors/dist/index.js:91:15)
    at dispatch (/root/Projects/koa_app/node_modules/_koa-compose@4.1.0@koa-compose/index.js:42:32)
    at /root/Projects/koa_app/node_modules/_koa-compose@4.1.0@koa-compose/index.js:34:12
    at Application.handleRequest (/root/Projects/koa_app/node_modules/_koa@2.7.0@koa/lib/application.js:151:12)
    at Server.handleRequest (/root/Projects/koa_app/node_modules/_koa@2.7.0@koa/lib/application.js:133:19)
    at Server.emit (events.js:188:13) message: 'failed to decode' }
{ BadRequestError: failed to decode
    at Object.throw (/root/Projects/koa_app/node_modules/_koa@2.7.0@koa/lib/context.js:97:11)
    at send (/root/Projects/koa_app/node_modules/_koa-send@5.0.0@koa-send/index.js:63:36)
    at serve (/root/Projects/koa_app/node_modules/_koa-static@5.0.0@koa-static/index.js:44:24)
    at dispatch (/root/Projects/koa_app/node_modules/_koa-compose@4.1.0@koa-compose/index.js:42:32)
    at cors (/root/Projects/koa_app/node_modules/_koa2-cors@2.0.6@koa2-cors/dist/index.js:91:15)
    at dispatch (/root/Projects/koa_app/node_modules/_koa-compose@4.1.0@koa-compose/index.js:42:32)
    at /root/Projects/koa_app/node_modules/_koa-compose@4.1.0@koa-compose/index.js:34:12
    at Application.handleRequest (/root/Projects/koa_app/node_modules/_koa@2.7.0@koa/lib/application.js:151:12)
    at Server.handleRequest (/root/Projects/koa_app/node_modules/_koa@2.7.0@koa/lib/application.js:133:19)
    at Server.emit (events.js:188:13) message: 'failed to decode' }
{ BadRequestError: failed to decode
    at Object.throw (/root/Projects/koa_app/node_modules/_koa@2.7.0@koa/lib/context.js:97:11)
    at send (/root/Projects/koa_app/node_modules/_koa-send@5.0.0@koa-send/index.js:63:36)
    at serve (/root/Projects/koa_app/node_modules/_koa-static@5.0.0@koa-static/index.js:44:24)
    at dispatch (/root/Projects/koa_app/node_modules/_koa-compose@4.1.0@koa-compose/index.js:42:32)
    at cors (/root/Projects/koa_app/node_modules/_koa2-cors@2.0.6@koa2-cors/dist/index.js:91:15)
    at dispatch (/root/Projects/koa_app/node_modules/_koa-compose@4.1.0@koa-compose/index.js:42:32)
    at /root/Projects/koa_app/node_modules/_koa-compose@4.1.0@koa-compose/index.js:34:12
    at Application.handleRequest (/root/Projects/koa_app/node_modules/_koa@2.7.0@koa/lib/application.js:151:12)
    at Server.handleRequest (/root/Projects/koa_app/node_modules/_koa@2.7.0@koa/lib/application.js:133:19)
    at Server.emit (events.js:188:13) message: 'failed to decode' }
{ BadRequestError: failed to decode
    at Object.throw (/root/Projects/koa_app/node_modules/_koa@2.7.0@koa/lib/context.js:97:11)
    at send (/root/Projects/koa_app/node_modules/_koa-send@5.0.0@koa-send/index.js:63:36)
    at serve (/root/Projects/koa_app/node_modules/_koa-static@5.0.0@koa-static/index.js:44:24)
    at dispatch (/root/Projects/koa_app/node_modules/_koa-compose@4.1.0@koa-compose/index.js:42:32)
    at cors (/root/Projects/koa_app/node_modules/_koa2-cors@2.0.6@koa2-cors/dist/index.js:91:15)
    at dispatch (/root/Projects/koa_app/node_modules/_koa-compose@4.1.0@koa-compose/index.js:42:32)
    at /root/Projects/koa_app/node_modules/_koa-compose@4.1.0@koa-compose/index.js:34:12
    at Application.handleRequest (/root/Projects/koa_app/node_modules/_koa@2.7.0@koa/lib/application.js:151:12)
    at Server.handleRequest (/root/Projects/koa_app/node_modules/_koa@2.7.0@koa/lib/application.js:133:19)
    at Server.emit (events.js:188:13) message: 'failed to decode' }
{ BadRequestError: failed to decode
    at Object.throw (/root/Projects/koa_app/node_modules/_koa@2.7.0@koa/lib/context.js:97:11)
    at send (/root/Projects/koa_app/node_modules/_koa-send@5.0.0@koa-send/index.js:63:36)
    at serve (/root/Projects/koa_app/node_modules/_koa-static@5.0.0@koa-static/index.js:44:24)
    at dispatch (/root/Projects/koa_app/node_modules/_koa-compose@4.1.0@koa-compose/index.js:42:32)
    at cors (/root/Projects/koa_app/node_modules/_koa2-cors@2.0.6@koa2-cors/dist/index.js:91:15)
    at dispatch (/root/Projects/koa_app/node_modules/_koa-compose@4.1.0@koa-compose/index.js:42:32)
    at /root/Projects/koa_app/node_modules/_koa-compose@4.1.0@koa-compose/index.js:34:12
    at Application.handleRequest (/root/Projects/koa_app/node_modules/_koa@2.7.0@koa/lib/application.js:151:12)
    at Server.handleRequest (/root/Projects/koa_app/node_modules/_koa@2.7.0@koa/lib/application.js:133:19)
    at Server.emit (events.js:188:13) message: 'failed to decode' }
{ BadRequestError: failed to decode
    at Object.throw (/root/Projects/koa_app/node_modules/_koa@2.7.0@koa/lib/context.js:97:11)
    at send (/root/Projects/koa_app/node_modules/_koa-send@5.0.0@koa-send/index.js:63:36)
    at serve (/root/Projects/koa_app/node_modules/_koa-static@5.0.0@koa-static/index.js:44:24)
    at dispatch (/root/Projects/koa_app/node_modules/_koa-compose@4.1.0@koa-compose/index.js:42:32)
    at cors (/root/Projects/koa_app/node_modules/_koa2-cors@2.0.6@koa2-cors/dist/index.js:91:15)
    at dispatch (/root/Projects/koa_app/node_modules/_koa-compose@4.1.0@koa-compose/index.js:42:32)
    at /root/Projects/koa_app/node_modules/_koa-compose@4.1.0@koa-compose/index.js:34:12
    at Application.handleRequest (/root/Projects/koa_app/node_modules/_koa@2.7.0@koa/lib/application.js:151:12)
    at Server.handleRequest (/root/Projects/koa_app/node_modules/_koa@2.7.0@koa/lib/application.js:133:19)
    at Server.emit (events.js:188:13) message: 'failed to decode' }
{ BadRequestError: failed to decode
    at Object.throw (/root/Projects/koa_app/node_modules/_koa@2.7.0@koa/lib/context.js:97:11)
    at send (/root/Projects/koa_app/node_modules/_koa-send@5.0.0@koa-send/index.js:63:36)
    at serve (/root/Projects/koa_app/node_modules/_koa-static@5.0.0@koa-static/index.js:44:24)
    at dispatch (/root/Projects/koa_app/node_modules/_koa-compose@4.1.0@koa-compose/index.js:42:32)
    at cors (/root/Projects/koa_app/node_modules/_koa2-cors@2.0.6@koa2-cors/dist/index.js:91:15)
    at dispatch (/root/Projects/koa_app/node_modules/_koa-compose@4.1.0@koa-compose/index.js:42:32)
    at /root/Projects/koa_app/node_modules/_koa-compose@4.1.0@koa-compose/index.js:34:12
    at Application.handleRequest (/root/Projects/koa_app/node_modules/_koa@2.7.0@koa/lib/application.js:151:12)
    at Server.handleRequest (/root/Projects/koa_app/node_modules/_koa@2.7.0@koa/lib/application.js:133:19)
    at Server.emit (events.js:188:13) message: 'failed to decode' }
{ BadRequestError: failed to decode
    at Object.throw (/root/Projects/koa_app/node_modules/_koa@2.7.0@koa/lib/context.js:97:11)
    at send (/root/Projects/koa_app/node_modules/_koa-send@5.0.0@koa-send/index.js:63:36)
    at serve (/root/Projects/koa_app/node_modules/_koa-static@5.0.0@koa-static/index.js:44:24)
    at dispatch (/root/Projects/koa_app/node_modules/_koa-compose@4.1.0@koa-compose/index.js:42:32)
    at cors (/root/Projects/koa_app/node_modules/_koa2-cors@2.0.6@koa2-cors/dist/index.js:91:15)
    at dispatch (/root/Projects/koa_app/node_modules/_koa-compose@4.1.0@koa-compose/index.js:42:32)
    at /root/Projects/koa_app/node_modules/_koa-compose@4.1.0@koa-compose/index.js:34:12
    at Application.handleRequest (/root/Projects/koa_app/node_modules/_koa@2.7.0@koa/lib/application.js:151:12)
    at Server.handleRequest (/root/Projects/koa_app/node_modules/_koa@2.7.0@koa/lib/application.js:133:19)
    at Server.emit (events.js:188:13) message: 'failed to decode' }
{ BadRequestError: failed to decode
    at Object.throw (/root/Projects/koa_app/node_modules/_koa@2.7.0@koa/lib/context.js:97:11)
    at send (/root/Projects/koa_app/node_modules/_koa-send@5.0.0@koa-send/index.js:63:36)
    at serve (/root/Projects/koa_app/node_modules/_koa-static@5.0.0@koa-static/index.js:44:24)
    at dispatch (/root/Projects/koa_app/node_modules/_koa-compose@4.1.0@koa-compose/index.js:42:32)
    at cors (/root/Projects/koa_app/node_modules/_koa2-cors@2.0.6@koa2-cors/dist/index.js:91:15)
    at dispatch (/root/Projects/koa_app/node_modules/_koa-compose@4.1.0@koa-compose/index.js:42:32)
    at /root/Projects/koa_app/node_modules/_koa-compose@4.1.0@koa-compose/index.js:34:12
    at Application.handleRequest (/root/Projects/koa_app/node_modules/_koa@2.7.0@koa/lib/application.js:151:12)
    at Server.handleRequest (/root/Projects/koa_app/node_modules/_koa@2.7.0@koa/lib/application.js:133:19)
    at Server.emit (events.js:188:13) message: 'failed to decode' }
{ BadRequestError: failed to decode
    at Object.throw (/root/Projects/koa_app/node_modules/_koa@2.7.0@koa/lib/context.js:97:11)
    at send (/root/Projects/koa_app/node_modules/_koa-send@5.0.0@koa-send/index.js:63:36)
    at serve (/root/Projects/koa_app/node_modules/_koa-static@5.0.0@koa-static/index.js:44:24)
    at dispatch (/root/Projects/koa_app/node_modules/_koa-compose@4.1.0@koa-compose/index.js:42:32)
    at cors (/root/Projects/koa_app/node_modules/_koa2-cors@2.0.6@koa2-cors/dist/index.js:91:15)
    at dispatch (/root/Projects/koa_app/node_modules/_koa-compose@4.1.0@koa-compose/index.js:42:32)
    at /root/Projects/koa_app/node_modules/_koa-compose@4.1.0@koa-compose/index.js:34:12
    at Application.handleRequest (/root/Projects/koa_app/node_modules/_koa@2.7.0@koa/lib/application.js:151:12)
    at Server.handleRequest (/root/Projects/koa_app/node_modules/_koa@2.7.0@koa/lib/application.js:133:19)
    at Server.emit (events.js:188:13) message: 'failed to decode' }
{ BadRequestError: failed to decode
    at Object.throw (/root/Projects/koa_app/node_modules/_koa@2.7.0@koa/lib/context.js:97:11)
    at send (/root/Projects/koa_app/node_modules/_koa-send@5.0.0@koa-send/index.js:63:36)
    at serve (/root/Projects/koa_app/node_modules/_koa-static@5.0.0@koa-static/index.js:44:24)
    at dispatch (/root/Projects/koa_app/node_modules/_koa-compose@4.1.0@koa-compose/index.js:42:32)
    at cors (/root/Projects/koa_app/node_modules/_koa2-cors@2.0.6@koa2-cors/dist/index.js:91:15)
    at dispatch (/root/Projects/koa_app/node_modules/_koa-compose@4.1.0@koa-compose/index.js:42:32)
    at /root/Projects/koa_app/node_modules/_koa-compose@4.1.0@koa-compose/index.js:34:12
    at Application.handleRequest (/root/Projects/koa_app/node_modules/_koa@2.7.0@koa/lib/application.js:151:12)
    at Server.handleRequest (/root/Projects/koa_app/node_modules/_koa@2.7.0@koa/lib/application.js:133:19)
    at Server.emit (events.js:188:13) message: 'failed to decode' }
{ BadRequestError: failed to decode
    at Object.throw (/root/Projects/koa_app/node_modules/_koa@2.7.0@koa/lib/context.js:97:11)
    at send (/root/Projects/koa_app/node_modules/_koa-send@5.0.0@koa-send/index.js:63:36)
    at serve (/root/Projects/koa_app/node_modules/_koa-static@5.0.0@koa-static/index.js:44:24)
    at dispatch (/root/Projects/koa_app/node_modules/_koa-compose@4.1.0@koa-compose/index.js:42:32)
    at cors (/root/Projects/koa_app/node_modules/_koa2-cors@2.0.6@koa2-cors/dist/index.js:91:15)
    at dispatch (/root/Projects/koa_app/node_modules/_koa-compose@4.1.0@koa-compose/index.js:42:32)
    at /root/Projects/koa_app/node_modules/_koa-compose@4.1.0@koa-compose/index.js:34:12
    at Application.handleRequest (/root/Projects/koa_app/node_modules/_koa@2.7.0@koa/lib/application.js:151:12)
    at Server.handleRequest (/root/Projects/koa_app/node_modules/_koa@2.7.0@koa/lib/application.js:133:19)
    at Server.emit (events.js:188:13) message: 'failed to decode' }
{ BadRequestError: failed to decode
    at Object.throw (/root/Projects/koa_app/node_modules/_koa@2.7.0@koa/lib/context.js:97:11)
    at send (/root/Projects/koa_app/node_modules/_koa-send@5.0.0@koa-send/index.js:63:36)
    at serve (/root/Projects/koa_app/node_modules/_koa-static@5.0.0@koa-static/index.js:44:24)
    at dispatch (/root/Projects/koa_app/node_modules/_koa-compose@4.1.0@koa-compose/index.js:42:32)
    at cors (/root/Projects/koa_app/node_modules/_koa2-cors@2.0.6@koa2-cors/dist/index.js:91:15)
    at dispatch (/root/Projects/koa_app/node_modules/_koa-compose@4.1.0@koa-compose/index.js:42:32)
    at /root/Projects/koa_app/node_modules/_koa-compose@4.1.0@koa-compose/index.js:34:12
    at Application.handleRequest (/root/Projects/koa_app/node_modules/_koa@2.7.0@koa/lib/application.js:151:12)
    at Server.handleRequest (/root/Projects/koa_app/node_modules/_koa@2.7.0@koa/lib/application.js:133:19)
    at Server.emit (events.js:188:13) message: 'failed to decode' }
{ BadRequestError: failed to decode
    at Object.throw (/root/Projects/koa_app/node_modules/_koa@2.7.0@koa/lib/context.js:97:11)
    at send (/root/Projects/koa_app/node_modules/_koa-send@5.0.0@koa-send/index.js:63:36)
    at serve (/root/Projects/koa_app/node_modules/_koa-static@5.0.0@koa-static/index.js:44:24)
    at dispatch (/root/Projects/koa_app/node_modules/_koa-compose@4.1.0@koa-compose/index.js:42:32)
    at cors (/root/Projects/koa_app/node_modules/_koa2-cors@2.0.6@koa2-cors/dist/index.js:91:15)
    at dispatch (/root/Projects/koa_app/node_modules/_koa-compose@4.1.0@koa-compose/index.js:42:32)
    at /root/Projects/koa_app/node_modules/_koa-compose@4.1.0@koa-compose/index.js:34:12
    at Application.handleRequest (/root/Projects/koa_app/node_modules/_koa@2.7.0@koa/lib/application.js:151:12)
    at Server.handleRequest (/root/Projects/koa_app/node_modules/_koa@2.7.0@koa/lib/application.js:133:19)
    at Server.emit (events.js:188:13) message: 'failed to decode' }
{ BadRequestError: failed to decode
    at Object.throw (/root/Projects/koa_app/node_modules/_koa@2.7.0@koa/lib/context.js:97:11)
    at send (/root/Projects/koa_app/node_modules/_koa-send@5.0.0@koa-send/index.js:63:36)
    at serve (/root/Projects/koa_app/node_modules/_koa-static@5.0.0@koa-static/index.js:44:24)
    at dispatch (/root/Projects/koa_app/node_modules/_koa-compose@4.1.0@koa-compose/index.js:42:32)
    at cors (/root/Projects/koa_app/node_modules/_koa2-cors@2.0.6@koa2-cors/dist/index.js:91:15)
    at dispatch (/root/Projects/koa_app/node_modules/_koa-compose@4.1.0@koa-compose/index.js:42:32)
    at /root/Projects/koa_app/node_modules/_koa-compose@4.1.0@koa-compose/index.js:34:12
    at Application.handleRequest (/root/Projects/koa_app/node_modules/_koa@2.7.0@koa/lib/application.js:151:12)
    at Server.handleRequest (/root/Projects/koa_app/node_modules/_koa@2.7.0@koa/lib/application.js:133:19)
    at Server.emit (events.js:188:13) message: 'failed to decode' }
{ BadRequestError: failed to decode
    at Object.throw (/root/Projects/koa_app/node_modules/_koa@2.7.0@koa/lib/context.js:97:11)
    at send (/root/Projects/koa_app/node_modules/_koa-send@5.0.0@koa-send/index.js:63:36)
    at serve (/root/Projects/koa_app/node_modules/_koa-static@5.0.0@koa-static/index.js:44:24)
    at dispatch (/root/Projects/koa_app/node_modules/_koa-compose@4.1.0@koa-compose/index.js:42:32)
    at cors (/root/Projects/koa_app/node_modules/_koa2-cors@2.0.6@koa2-cors/dist/index.js:91:15)
    at dispatch (/root/Projects/koa_app/node_modules/_koa-compose@4.1.0@koa-compose/index.js:42:32)
    at /root/Projects/koa_app/node_modules/_koa-compose@4.1.0@koa-compose/index.js:34:12
    at Application.handleRequest (/root/Projects/koa_app/node_modules/_koa@2.7.0@koa/lib/application.js:151:12)
    at Server.handleRequest (/root/Projects/koa_app/node_modules/_koa@2.7.0@koa/lib/application.js:133:19)
    at Server.emit (events.js:188:13) message: 'failed to decode' }
{ BadRequestError: failed to decode
    at Object.throw (/root/Projects/koa_app/node_modules/_koa@2.7.0@koa/lib/context.js:97:11)
    at send (/root/Projects/koa_app/node_modules/_koa-send@5.0.0@koa-send/index.js:63:36)
    at serve (/root/Projects/koa_app/node_modules/_koa-static@5.0.0@koa-static/index.js:44:24)
    at dispatch (/root/Projects/koa_app/node_modules/_koa-compose@4.1.0@koa-compose/index.js:42:32)
    at cors (/root/Projects/koa_app/node_modules/_koa2-cors@2.0.6@koa2-cors/dist/index.js:91:15)
    at dispatch (/root/Projects/koa_app/node_modules/_koa-compose@4.1.0@koa-compose/index.js:42:32)
    at /root/Projects/koa_app/node_modules/_koa-compose@4.1.0@koa-compose/index.js:34:12
    at Application.handleRequest (/root/Projects/koa_app/node_modules/_koa@2.7.0@koa/lib/application.js:151:12)
    at Server.handleRequest (/root/Projects/koa_app/node_modules/_koa@2.7.0@koa/lib/application.js:133:19)
    at Server.emit (events.js:188:13) message: 'failed to decode' }
{ BadRequestError: failed to decode
    at Object.throw (/root/Projects/koa_app/node_modules/_koa@2.7.0@koa/lib/context.js:97:11)
    at send (/root/Projects/koa_app/node_modules/_koa-send@5.0.0@koa-send/index.js:63:36)
    at serve (/root/Projects/koa_app/node_modules/_koa-static@5.0.0@koa-static/index.js:44:24)
    at dispatch (/root/Projects/koa_app/node_modules/_koa-compose@4.1.0@koa-compose/index.js:42:32)
    at cors (/root/Projects/koa_app/node_modules/_koa2-cors@2.0.6@koa2-cors/dist/index.js:91:15)
    at dispatch (/root/Projects/koa_app/node_modules/_koa-compose@4.1.0@koa-compose/index.js:42:32)
    at /root/Projects/koa_app/node_modules/_koa-compose@4.1.0@koa-compose/index.js:34:12
    at Application.handleRequest (/root/Projects/koa_app/node_modules/_koa@2.7.0@koa/lib/application.js:151:12)
    at Server.handleRequest (/root/Projects/koa_app/node_modules/_koa@2.7.0@koa/lib/application.js:133:19)
    at Server.emit (events.js:188:13) message: 'failed to decode' }
{ BadRequestError: failed to decode
    at Object.throw (/root/Projects/koa_app/node_modules/_koa@2.7.0@koa/lib/context.js:97:11)
    at send (/root/Projects/koa_app/node_modules/_koa-send@5.0.0@koa-send/index.js:63:36)
    at serve (/root/Projects/koa_app/node_modules/_koa-static@5.0.0@koa-static/index.js:44:24)
    at dispatch (/root/Projects/koa_app/node_modules/_koa-compose@4.1.0@koa-compose/index.js:42:32)
    at cors (/root/Projects/koa_app/node_modules/_koa2-cors@2.0.6@koa2-cors/dist/index.js:91:15)
    at dispatch (/root/Projects/koa_app/node_modules/_koa-compose@4.1.0@koa-compose/index.js:42:32)
    at /root/Projects/koa_app/node_modules/_koa-compose@4.1.0@koa-compose/index.js:34:12
    at Application.handleRequest (/root/Projects/koa_app/node_modules/_koa@2.7.0@koa/lib/application.js:151:12)
    at Server.handleRequest (/root/Projects/koa_app/node_modules/_koa@2.7.0@koa/lib/application.js:133:19)
    at Server.emit (events.js:188:13) message: 'failed to decode' }
{ BadRequestError: failed to decode
    at Object.throw (/root/Projects/koa_app/node_modules/_koa@2.7.0@koa/lib/context.js:97:11)
    at send (/root/Projects/koa_app/node_modules/_koa-send@5.0.0@koa-send/index.js:63:36)
    at serve (/root/Projects/koa_app/node_modules/_koa-static@5.0.0@koa-static/index.js:44:24)
    at dispatch (/root/Projects/koa_app/node_modules/_koa-compose@4.1.0@koa-compose/index.js:42:32)
    at cors (/root/Projects/koa_app/node_modules/_koa2-cors@2.0.6@koa2-cors/dist/index.js:91:15)
    at dispatch (/root/Projects/koa_app/node_modules/_koa-compose@4.1.0@koa-compose/index.js:42:32)
    at /root/Projects/koa_app/node_modules/_koa-compose@4.1.0@koa-compose/index.js:34:12
    at Application.handleRequest (/root/Projects/koa_app/node_modules/_koa@2.7.0@koa/lib/application.js:151:12)
    at Server.handleRequest (/root/Projects/koa_app/node_modules/_koa@2.7.0@koa/lib/application.js:133:19)
    at Server.emit (events.js:188:13) message: 'failed to decode' }
{ BadRequestError: failed to decode
    at Object.throw (/root/Projects/koa_app/node_modules/_koa@2.7.0@koa/lib/context.js:97:11)
    at send (/root/Projects/koa_app/node_modules/_koa-send@5.0.0@koa-send/index.js:63:36)
    at serve (/root/Projects/koa_app/node_modules/_koa-static@5.0.0@koa-static/index.js:44:24)
    at dispatch (/root/Projects/koa_app/node_modules/_koa-compose@4.1.0@koa-compose/index.js:42:32)
    at cors (/root/Projects/koa_app/node_modules/_koa2-cors@2.0.6@koa2-cors/dist/index.js:91:15)
    at dispatch (/root/Projects/koa_app/node_modules/_koa-compose@4.1.0@koa-compose/index.js:42:32)
    at /root/Projects/koa_app/node_modules/_koa-compose@4.1.0@koa-compose/index.js:34:12
    at Application.handleRequest (/root/Projects/koa_app/node_modules/_koa@2.7.0@koa/lib/application.js:151:12)
    at Server.handleRequest (/root/Projects/koa_app/node_modules/_koa@2.7.0@koa/lib/application.js:133:19)
    at Server.emit (events.js:188:13) message: 'failed to decode' }
{ BadRequestError: failed to decode
    at Object.throw (/root/Projects/koa_app/node_modules/_koa@2.7.0@koa/lib/context.js:97:11)
    at send (/root/Projects/koa_app/node_modules/_koa-send@5.0.0@koa-send/index.js:63:36)
    at serve (/root/Projects/koa_app/node_modules/_koa-static@5.0.0@koa-static/index.js:44:24)
    at dispatch (/root/Projects/koa_app/node_modules/_koa-compose@4.1.0@koa-compose/index.js:42:32)
    at cors (/root/Projects/koa_app/node_modules/_koa2-cors@2.0.6@koa2-cors/dist/index.js:91:15)
    at dispatch (/root/Projects/koa_app/node_modules/_koa-compose@4.1.0@koa-compose/index.js:42:32)
    at /root/Projects/koa_app/node_modules/_koa-compose@4.1.0@koa-compose/index.js:34:12
    at Application.handleRequest (/root/Projects/koa_app/node_modules/_koa@2.7.0@koa/lib/application.js:151:12)
    at Server.handleRequest (/root/Projects/koa_app/node_modules/_koa@2.7.0@koa/lib/application.js:133:19)
    at Server.emit (events.js:188:13) message: 'failed to decode' }
{ BadRequestError: failed to decode
    at Object.throw (/root/Projects/koa_app/node_modules/_koa@2.7.0@koa/lib/context.js:97:11)
    at send (/root/Projects/koa_app/node_modules/_koa-send@5.0.0@koa-send/index.js:63:36)
    at serve (/root/Projects/koa_app/node_modules/_koa-static@5.0.0@koa-static/index.js:44:24)
    at dispatch (/root/Projects/koa_app/node_modules/_koa-compose@4.1.0@koa-compose/index.js:42:32)
    at cors (/root/Projects/koa_app/node_modules/_koa2-cors@2.0.6@koa2-cors/dist/index.js:91:15)
    at dispatch (/root/Projects/koa_app/node_modules/_koa-compose@4.1.0@koa-compose/index.js:42:32)
    at /root/Projects/koa_app/node_modules/_koa-compose@4.1.0@koa-compose/index.js:34:12
    at Application.handleRequest (/root/Projects/koa_app/node_modules/_koa@2.7.0@koa/lib/application.js:151:12)
    at Server.handleRequest (/root/Projects/koa_app/node_modules/_koa@2.7.0@koa/lib/application.js:133:19)
    at Server.emit (events.js:188:13) message: 'failed to decode' }
{ BadRequestError: failed to decode
    at Object.throw (/root/Projects/koa_app/node_modules/_koa@2.7.0@koa/lib/context.js:97:11)
    at send (/root/Projects/koa_app/node_modules/_koa-send@5.0.0@koa-send/index.js:63:36)
    at serve (/root/Projects/koa_app/node_modules/_koa-static@5.0.0@koa-static/index.js:44:24)
    at dispatch (/root/Projects/koa_app/node_modules/_koa-compose@4.1.0@koa-compose/index.js:42:32)
    at cors (/root/Projects/koa_app/node_modules/_koa2-cors@2.0.6@koa2-cors/dist/index.js:91:15)
    at dispatch (/root/Projects/koa_app/node_modules/_koa-compose@4.1.0@koa-compose/index.js:42:32)
    at /root/Projects/koa_app/node_modules/_koa-compose@4.1.0@koa-compose/index.js:34:12
    at Application.handleRequest (/root/Projects/koa_app/node_modules/_koa@2.7.0@koa/lib/application.js:151:12)
    at Server.handleRequest (/root/Projects/koa_app/node_modules/_koa@2.7.0@koa/lib/application.js:133:19)
    at Server.emit (events.js:188:13) message: 'failed to decode' }
{ BadRequestError: failed to decode
    at Object.throw (/root/Projects/koa_app/node_modules/_koa@2.7.0@koa/lib/context.js:97:11)
    at send (/root/Projects/koa_app/node_modules/_koa-send@5.0.0@koa-send/index.js:63:36)
    at serve (/root/Projects/koa_app/node_modules/_koa-static@5.0.0@koa-static/index.js:44:24)
    at dispatch (/root/Projects/koa_app/node_modules/_koa-compose@4.1.0@koa-compose/index.js:42:32)
    at cors (/root/Projects/koa_app/node_modules/_koa2-cors@2.0.6@koa2-cors/dist/index.js:91:15)
    at dispatch (/root/Projects/koa_app/node_modules/_koa-compose@4.1.0@koa-compose/index.js:42:32)
    at /root/Projects/koa_app/node_modules/_koa-compose@4.1.0@koa-compose/index.js:34:12
    at Application.handleRequest (/root/Projects/koa_app/node_modules/_koa@2.7.0@koa/lib/application.js:151:12)
    at Server.handleRequest (/root/Projects/koa_app/node_modules/_koa@2.7.0@koa/lib/application.js:133:19)
    at Server.emit (events.js:188:13) message: 'failed to decode' }
{ BadRequestError: failed to decode
    at Object.throw (/root/Projects/koa_app/node_modules/_koa@2.7.0@koa/lib/context.js:97:11)
    at send (/root/Projects/koa_app/node_modules/_koa-send@5.0.0@koa-send/index.js:63:36)
    at serve (/root/Projects/koa_app/node_modules/_koa-static@5.0.0@koa-static/index.js:44:24)
    at dispatch (/root/Projects/koa_app/node_modules/_koa-compose@4.1.0@koa-compose/index.js:42:32)
    at cors (/root/Projects/koa_app/node_modules/_koa2-cors@2.0.6@koa2-cors/dist/index.js:91:15)
    at dispatch (/root/Projects/koa_app/node_modules/_koa-compose@4.1.0@koa-compose/index.js:42:32)
    at /root/Projects/koa_app/node_modules/_koa-compose@4.1.0@koa-compose/index.js:34:12
    at Application.handleRequest (/root/Projects/koa_app/node_modules/_koa@2.7.0@koa/lib/application.js:151:12)
    at Server.handleRequest (/root/Projects/koa_app/node_modules/_koa@2.7.0@koa/lib/application.js:133:19)
    at Server.emit (events.js:188:13) message: 'failed to decode' }
{ BadRequestError: failed to decode
    at Object.throw (/root/Projects/koa_app/node_modules/_koa@2.7.0@koa/lib/context.js:97:11)
    at send (/root/Projects/koa_app/node_modules/_koa-send@5.0.0@koa-send/index.js:63:36)
    at serve (/root/Projects/koa_app/node_modules/_koa-static@5.0.0@koa-static/index.js:44:24)
    at dispatch (/root/Projects/koa_app/node_modules/_koa-compose@4.1.0@koa-compose/index.js:42:32)
    at cors (/root/Projects/koa_app/node_modules/_koa2-cors@2.0.6@koa2-cors/dist/index.js:91:15)
    at dispatch (/root/Projects/koa_app/node_modules/_koa-compose@4.1.0@koa-compose/index.js:42:32)
    at /root/Projects/koa_app/node_modules/_koa-compose@4.1.0@koa-compose/index.js:34:12
    at Application.handleRequest (/root/Projects/koa_app/node_modules/_koa@2.7.0@koa/lib/application.js:151:12)
    at Server.handleRequest (/root/Projects/koa_app/node_modules/_koa@2.7.0@koa/lib/application.js:133:19)
    at Server.emit (events.js:188:13) message: 'failed to decode' }
{ BadRequestError: failed to decode
    at Object.throw (/root/Projects/koa_app/node_modules/_koa@2.7.0@koa/lib/context.js:97:11)
    at send (/root/Projects/koa_app/node_modules/_koa-send@5.0.0@koa-send/index.js:63:36)
    at serve (/root/Projects/koa_app/node_modules/_koa-static@5.0.0@koa-static/index.js:44:24)
    at dispatch (/root/Projects/koa_app/node_modules/_koa-compose@4.1.0@koa-compose/index.js:42:32)
    at cors (/root/Projects/koa_app/node_modules/_koa2-cors@2.0.6@koa2-cors/dist/index.js:91:15)
    at dispatch (/root/Projects/koa_app/node_modules/_koa-compose@4.1.0@koa-compose/index.js:42:32)
    at /root/Projects/koa_app/node_modules/_koa-compose@4.1.0@koa-compose/index.js:34:12
    at Application.handleRequest (/root/Projects/koa_app/node_modules/_koa@2.7.0@koa/lib/application.js:151:12)
    at Server.handleRequest (/root/Projects/koa_app/node_modules/_koa@2.7.0@koa/lib/application.js:133:19)
    at Server.emit (events.js:188:13) message: 'failed to decode' }
{ BadRequestError: failed to decode
    at Object.throw (/root/Projects/koa_app/node_modules/_koa@2.7.0@koa/lib/context.js:97:11)
    at send (/root/Projects/koa_app/node_modules/_koa-send@5.0.0@koa-send/index.js:63:36)
    at serve (/root/Projects/koa_app/node_modules/_koa-static@5.0.0@koa-static/index.js:44:24)
    at dispatch (/root/Projects/koa_app/node_modules/_koa-compose@4.1.0@koa-compose/index.js:42:32)
    at cors (/root/Projects/koa_app/node_modules/_koa2-cors@2.0.6@koa2-cors/dist/index.js:91:15)
    at dispatch (/root/Projects/koa_app/node_modules/_koa-compose@4.1.0@koa-compose/index.js:42:32)
    at /root/Projects/koa_app/node_modules/_koa-compose@4.1.0@koa-compose/index.js:34:12
    at Application.handleRequest (/root/Projects/koa_app/node_modules/_koa@2.7.0@koa/lib/application.js:151:12)
    at Server.handleRequest (/root/Projects/koa_app/node_modules/_koa@2.7.0@koa/lib/application.js:133:19)
    at Server.emit (events.js:188:13) message: 'failed to decode' }
{ BadRequestError: failed to decode
    at Object.throw (/root/Projects/koa_app/node_modules/_koa@2.7.0@koa/lib/context.js:97:11)
    at send (/root/Projects/koa_app/node_modules/_koa-send@5.0.0@koa-send/index.js:63:36)
    at serve (/root/Projects/koa_app/node_modules/_koa-static@5.0.0@koa-static/index.js:44:24)
    at dispatch (/root/Projects/koa_app/node_modules/_koa-compose@4.1.0@koa-compose/index.js:42:32)
    at cors (/root/Projects/koa_app/node_modules/_koa2-cors@2.0.6@koa2-cors/dist/index.js:91:15)
    at dispatch (/root/Projects/koa_app/node_modules/_koa-compose@4.1.0@koa-compose/index.js:42:32)
    at /root/Projects/koa_app/node_modules/_koa-compose@4.1.0@koa-compose/index.js:34:12
    at Application.handleRequest (/root/Projects/koa_app/node_modules/_koa@2.7.0@koa/lib/application.js:151:12)
    at Server.handleRequest (/root/Projects/koa_app/node_modules/_koa@2.7.0@koa/lib/application.js:133:19)
    at Server.emit (events.js:188:13) message: 'failed to decode' }
{ BadRequestError: failed to decode
    at Object.throw (/root/Projects/koa_app/node_modules/_koa@2.7.0@koa/lib/context.js:97:11)
    at send (/root/Projects/koa_app/node_modules/_koa-send@5.0.0@koa-send/index.js:63:36)
    at serve (/root/Projects/koa_app/node_modules/_koa-static@5.0.0@koa-static/index.js:44:24)
    at dispatch (/root/Projects/koa_app/node_modules/_koa-compose@4.1.0@koa-compose/index.js:42:32)
    at cors (/root/Projects/koa_app/node_modules/_koa2-cors@2.0.6@koa2-cors/dist/index.js:91:15)
    at dispatch (/root/Projects/koa_app/node_modules/_koa-compose@4.1.0@koa-compose/index.js:42:32)
    at /root/Projects/koa_app/node_modules/_koa-compose@4.1.0@koa-compose/index.js:34:12
    at Application.handleRequest (/root/Projects/koa_app/node_modules/_koa@2.7.0@koa/lib/application.js:151:12)
    at Server.handleRequest (/root/Projects/koa_app/node_modules/_koa@2.7.0@koa/lib/application.js:133:19)
    at Server.emit (events.js:188:13) message: 'failed to decode' }
{ BadRequestError: failed to decode
    at Object.throw (/root/Projects/koa_app/node_modules/_koa@2.7.0@koa/lib/context.js:97:11)
    at send (/root/Projects/koa_app/node_modules/_koa-send@5.0.0@koa-send/index.js:63:36)
    at serve (/root/Projects/koa_app/node_modules/_koa-static@5.0.0@koa-static/index.js:44:24)
    at dispatch (/root/Projects/koa_app/node_modules/_koa-compose@4.1.0@koa-compose/index.js:42:32)
    at cors (/root/Projects/koa_app/node_modules/_koa2-cors@2.0.6@koa2-cors/dist/index.js:91:15)
    at dispatch (/root/Projects/koa_app/node_modules/_koa-compose@4.1.0@koa-compose/index.js:42:32)
    at /root/Projects/koa_app/node_modules/_koa-compose@4.1.0@koa-compose/index.js:34:12
    at Application.handleRequest (/root/Projects/koa_app/node_modules/_koa@2.7.0@koa/lib/application.js:151:12)
    at Server.handleRequest (/root/Projects/koa_app/node_modules/_koa@2.7.0@koa/lib/application.js:133:19)
    at Server.emit (events.js:188:13) message: 'failed to decode' }
{ BadRequestError: failed to decode
    at Object.throw (/root/Projects/koa_app/node_modules/_koa@2.7.0@koa/lib/context.js:97:11)
    at send (/root/Projects/koa_app/node_modules/_koa-send@5.0.0@koa-send/index.js:63:36)
    at serve (/root/Projects/koa_app/node_modules/_koa-static@5.0.0@koa-static/index.js:44:24)
    at dispatch (/root/Projects/koa_app/node_modules/_koa-compose@4.1.0@koa-compose/index.js:42:32)
    at cors (/root/Projects/koa_app/node_modules/_koa2-cors@2.0.6@koa2-cors/dist/index.js:91:15)
    at dispatch (/root/Projects/koa_app/node_modules/_koa-compose@4.1.0@koa-compose/index.js:42:32)
    at /root/Projects/koa_app/node_modules/_koa-compose@4.1.0@koa-compose/index.js:34:12
    at Application.handleRequest (/root/Projects/koa_app/node_modules/_koa@2.7.0@koa/lib/application.js:151:12)
    at Server.handleRequest (/root/Projects/koa_app/node_modules/_koa@2.7.0@koa/lib/application.js:133:19)
    at Server.emit (events.js:188:13) message: 'failed to decode' }
{ BadRequestError: failed to decode
    at Object.throw (/root/Projects/koa_app/node_modules/_koa@2.7.0@koa/lib/context.js:97:11)
    at send (/root/Projects/koa_app/node_modules/_koa-send@5.0.0@koa-send/index.js:63:36)
    at serve (/root/Projects/koa_app/node_modules/_koa-static@5.0.0@koa-static/index.js:44:24)
    at dispatch (/root/Projects/koa_app/node_modules/_koa-compose@4.1.0@koa-compose/index.js:42:32)
    at cors (/root/Projects/koa_app/node_modules/_koa2-cors@2.0.6@koa2-cors/dist/index.js:91:15)
    at dispatch (/root/Projects/koa_app/node_modules/_koa-compose@4.1.0@koa-compose/index.js:42:32)
    at /root/Projects/koa_app/node_modules/_koa-compose@4.1.0@koa-compose/index.js:34:12
    at Application.handleRequest (/root/Projects/koa_app/node_modules/_koa@2.7.0@koa/lib/application.js:151:12)
    at Server.handleRequest (/root/Projects/koa_app/node_modules/_koa@2.7.0@koa/lib/application.js:133:19)
    at Server.emit (events.js:188:13) message: 'failed to decode' }
{ BadRequestError: failed to decode
    at Object.throw (/root/Projects/koa_app/node_modules/_koa@2.7.0@koa/lib/context.js:97:11)
    at send (/root/Projects/koa_app/node_modules/_koa-send@5.0.0@koa-send/index.js:63:36)
    at serve (/root/Projects/koa_app/node_modules/_koa-static@5.0.0@koa-static/index.js:44:24)
    at dispatch (/root/Projects/koa_app/node_modules/_koa-compose@4.1.0@koa-compose/index.js:42:32)
    at cors (/root/Projects/koa_app/node_modules/_koa2-cors@2.0.6@koa2-cors/dist/index.js:91:15)
    at dispatch (/root/Projects/koa_app/node_modules/_koa-compose@4.1.0@koa-compose/index.js:42:32)
    at /root/Projects/koa_app/node_modules/_koa-compose@4.1.0@koa-compose/index.js:34:12
    at Application.handleRequest (/root/Projects/koa_app/node_modules/_koa@2.7.0@koa/lib/application.js:151:12)
    at Server.handleRequest (/root/Projects/koa_app/node_modules/_koa@2.7.0@koa/lib/application.js:133:19)
    at Server.emit (events.js:188:13) message: 'failed to decode' }
{ BadRequestError: failed to decode
    at Object.throw (/root/Projects/koa_app/node_modules/_koa@2.7.0@koa/lib/context.js:97:11)
    at send (/root/Projects/koa_app/node_modules/_koa-send@5.0.0@koa-send/index.js:63:36)
    at serve (/root/Projects/koa_app/node_modules/_koa-static@5.0.0@koa-static/index.js:44:24)
    at dispatch (/root/Projects/koa_app/node_modules/_koa-compose@4.1.0@koa-compose/index.js:42:32)
    at cors (/root/Projects/koa_app/node_modules/_koa2-cors@2.0.6@koa2-cors/dist/index.js:91:15)
    at dispatch (/root/Projects/koa_app/node_modules/_koa-compose@4.1.0@koa-compose/index.js:42:32)
    at /root/Projects/koa_app/node_modules/_koa-compose@4.1.0@koa-compose/index.js:34:12
    at Application.handleRequest (/root/Projects/koa_app/node_modules/_koa@2.7.0@koa/lib/application.js:151:12)
    at Server.handleRequest (/root/Projects/koa_app/node_modules/_koa@2.7.0@koa/lib/application.js:133:19)
    at Server.emit (events.js:188:13) message: 'failed to decode' }
{ BadRequestError: failed to decode
    at Object.throw (/root/Projects/koa_app/node_modules/_koa@2.7.0@koa/lib/context.js:97:11)
    at send (/root/Projects/koa_app/node_modules/_koa-send@5.0.0@koa-send/index.js:63:36)
    at serve (/root/Projects/koa_app/node_modules/_koa-static@5.0.0@koa-static/index.js:44:24)
    at dispatch (/root/Projects/koa_app/node_modules/_koa-compose@4.1.0@koa-compose/index.js:42:32)
    at cors (/root/Projects/koa_app/node_modules/_koa2-cors@2.0.6@koa2-cors/dist/index.js:91:15)
    at dispatch (/root/Projects/koa_app/node_modules/_koa-compose@4.1.0@koa-compose/index.js:42:32)
    at /root/Projects/koa_app/node_modules/_koa-compose@4.1.0@koa-compose/index.js:34:12
    at Application.handleRequest (/root/Projects/koa_app/node_modules/_koa@2.7.0@koa/lib/application.js:151:12)
    at Server.handleRequest (/root/Projects/koa_app/node_modules/_koa@2.7.0@koa/lib/application.js:133:19)
    at Server.emit (events.js:188:13) message: 'failed to decode' }
{ BadRequestError: failed to decode
    at Object.throw (/root/Projects/koa_app/node_modules/_koa@2.7.0@koa/lib/context.js:97:11)
    at send (/root/Projects/koa_app/node_modules/_koa-send@5.0.0@koa-send/index.js:63:36)
    at serve (/root/Projects/koa_app/node_modules/_koa-static@5.0.0@koa-static/index.js:44:24)
    at dispatch (/root/Projects/koa_app/node_modules/_koa-compose@4.1.0@koa-compose/index.js:42:32)
    at cors (/root/Projects/koa_app/node_modules/_koa2-cors@2.0.6@koa2-cors/dist/index.js:91:15)
    at dispatch (/root/Projects/koa_app/node_modules/_koa-compose@4.1.0@koa-compose/index.js:42:32)
    at /root/Projects/koa_app/node_modules/_koa-compose@4.1.0@koa-compose/index.js:34:12
    at Application.handleRequest (/root/Projects/koa_app/node_modules/_koa@2.7.0@koa/lib/application.js:151:12)
    at Server.handleRequest (/root/Projects/koa_app/node_modules/_koa@2.7.0@koa/lib/application.js:133:19)
    at Server.emit (events.js:188:13) message: 'failed to decode' }
{ BadRequestError: failed to decode
    at Object.throw (/root/Projects/koa_app/node_modules/_koa@2.7.0@koa/lib/context.js:97:11)
    at send (/root/Projects/koa_app/node_modules/_koa-send@5.0.0@koa-send/index.js:63:36)
    at serve (/root/Projects/koa_app/node_modules/_koa-static@5.0.0@koa-static/index.js:44:24)
    at dispatch (/root/Projects/koa_app/node_modules/_koa-compose@4.1.0@koa-compose/index.js:42:32)
    at cors (/root/Projects/koa_app/node_modules/_koa2-cors@2.0.6@koa2-cors/dist/index.js:91:15)
    at dispatch (/root/Projects/koa_app/node_modules/_koa-compose@4.1.0@koa-compose/index.js:42:32)
    at /root/Projects/koa_app/node_modules/_koa-compose@4.1.0@koa-compose/index.js:34:12
    at Application.handleRequest (/root/Projects/koa_app/node_modules/_koa@2.7.0@koa/lib/application.js:151:12)
    at Server.handleRequest (/root/Projects/koa_app/node_modules/_koa@2.7.0@koa/lib/application.js:133:19)
    at Server.emit (events.js:188:13) message: 'failed to decode' }
{ BadRequestError: failed to decode
    at Object.throw (/root/Projects/koa_app/node_modules/_koa@2.7.0@koa/lib/context.js:97:11)
    at send (/root/Projects/koa_app/node_modules/_koa-send@5.0.0@koa-send/index.js:63:36)
    at serve (/root/Projects/koa_app/node_modules/_koa-static@5.0.0@koa-static/index.js:44:24)
    at dispatch (/root/Projects/koa_app/node_modules/_koa-compose@4.1.0@koa-compose/index.js:42:32)
    at cors (/root/Projects/koa_app/node_modules/_koa2-cors@2.0.6@koa2-cors/dist/index.js:91:15)
    at dispatch (/root/Projects/koa_app/node_modules/_koa-compose@4.1.0@koa-compose/index.js:42:32)
    at /root/Projects/koa_app/node_modules/_koa-compose@4.1.0@koa-compose/index.js:34:12
    at Application.handleRequest (/root/Projects/koa_app/node_modules/_koa@2.7.0@koa/lib/application.js:151:12)
    at Server.handleRequest (/root/Projects/koa_app/node_modules/_koa@2.7.0@koa/lib/application.js:133:19)
    at Server.emit (events.js:188:13) message: 'failed to decode' }
{ BadRequestError: failed to decode
    at Object.throw (/root/Projects/koa_app/node_modules/_koa@2.7.0@koa/lib/context.js:97:11)
    at send (/root/Projects/koa_app/node_modules/_koa-send@5.0.0@koa-send/index.js:63:36)
    at serve (/root/Projects/koa_app/node_modules/_koa-static@5.0.0@koa-static/index.js:44:24)
    at dispatch (/root/Projects/koa_app/node_modules/_koa-compose@4.1.0@koa-compose/index.js:42:32)
    at cors (/root/Projects/koa_app/node_modules/_koa2-cors@2.0.6@koa2-cors/dist/index.js:91:15)
    at dispatch (/root/Projects/koa_app/node_modules/_koa-compose@4.1.0@koa-compose/index.js:42:32)
    at /root/Projects/koa_app/node_modules/_koa-compose@4.1.0@koa-compose/index.js:34:12
    at Application.handleRequest (/root/Projects/koa_app/node_modules/_koa@2.7.0@koa/lib/application.js:151:12)
    at Server.handleRequest (/root/Projects/koa_app/node_modules/_koa@2.7.0@koa/lib/application.js:133:19)
    at Server.emit (events.js:188:13) message: 'failed to decode' }
{ BadRequestError: failed to decode
    at Object.throw (/root/Projects/koa_app/node_modules/_koa@2.7.0@koa/lib/context.js:97:11)
    at send (/root/Projects/koa_app/node_modules/_koa-send@5.0.0@koa-send/index.js:63:36)
    at serve (/root/Projects/koa_app/node_modules/_koa-static@5.0.0@koa-static/index.js:44:24)
    at dispatch (/root/Projects/koa_app/node_modules/_koa-compose@4.1.0@koa-compose/index.js:42:32)
    at cors (/root/Projects/koa_app/node_modules/_koa2-cors@2.0.6@koa2-cors/dist/index.js:91:15)
    at dispatch (/root/Projects/koa_app/node_modules/_koa-compose@4.1.0@koa-compose/index.js:42:32)
    at /root/Projects/koa_app/node_modules/_koa-compose@4.1.0@koa-compose/index.js:34:12
    at Application.handleRequest (/root/Projects/koa_app/node_modules/_koa@2.7.0@koa/lib/application.js:151:12)
    at Server.handleRequest (/root/Projects/koa_app/node_modules/_koa@2.7.0@koa/lib/application.js:133:19)
    at Server.emit (events.js:188:13) message: 'failed to decode' }
{ BadRequestError: failed to decode
    at Object.throw (/root/Projects/koa_app/node_modules/_koa@2.7.0@koa/lib/context.js:97:11)
    at send (/root/Projects/koa_app/node_modules/_koa-send@5.0.0@koa-send/index.js:63:36)
    at serve (/root/Projects/koa_app/node_modules/_koa-static@5.0.0@koa-static/index.js:44:24)
    at dispatch (/root/Projects/koa_app/node_modules/_koa-compose@4.1.0@koa-compose/index.js:42:32)
    at cors (/root/Projects/koa_app/node_modules/_koa2-cors@2.0.6@koa2-cors/dist/index.js:91:15)
    at dispatch (/root/Projects/koa_app/node_modules/_koa-compose@4.1.0@koa-compose/index.js:42:32)
    at /root/Projects/koa_app/node_modules/_koa-compose@4.1.0@koa-compose/index.js:34:12
    at Application.handleRequest (/root/Projects/koa_app/node_modules/_koa@2.7.0@koa/lib/application.js:151:12)
    at Server.handleRequest (/root/Projects/koa_app/node_modules/_koa@2.7.0@koa/lib/application.js:133:19)
    at Server.emit (events.js:188:13) message: 'failed to decode' }
{ BadRequestError: failed to decode
    at Object.throw (/root/Projects/koa_app/node_modules/_koa@2.7.0@koa/lib/context.js:97:11)
    at send (/root/Projects/koa_app/node_modules/_koa-send@5.0.0@koa-send/index.js:63:36)
    at serve (/root/Projects/koa_app/node_modules/_koa-static@5.0.0@koa-static/index.js:44:24)
    at dispatch (/root/Projects/koa_app/node_modules/_koa-compose@4.1.0@koa-compose/index.js:42:32)
    at cors (/root/Projects/koa_app/node_modules/_koa2-cors@2.0.6@koa2-cors/dist/index.js:91:15)
    at dispatch (/root/Projects/koa_app/node_modules/_koa-compose@4.1.0@koa-compose/index.js:42:32)
    at /root/Projects/koa_app/node_modules/_koa-compose@4.1.0@koa-compose/index.js:34:12
    at Application.handleRequest (/root/Projects/koa_app/node_modules/_koa@2.7.0@koa/lib/application.js:151:12)
    at Server.handleRequest (/root/Projects/koa_app/node_modules/_koa@2.7.0@koa/lib/application.js:133:19)
    at Server.emit (events.js:188:13) message: 'failed to decode' }
{ BadRequestError: failed to decode
    at Object.throw (/root/Projects/koa_app/node_modules/_koa@2.7.0@koa/lib/context.js:97:11)
    at send (/root/Projects/koa_app/node_modules/_koa-send@5.0.0@koa-send/index.js:63:36)
    at serve (/root/Projects/koa_app/node_modules/_koa-static@5.0.0@koa-static/index.js:44:24)
    at dispatch (/root/Projects/koa_app/node_modules/_koa-compose@4.1.0@koa-compose/index.js:42:32)
    at cors (/root/Projects/koa_app/node_modules/_koa2-cors@2.0.6@koa2-cors/dist/index.js:91:15)
    at dispatch (/root/Projects/koa_app/node_modules/_koa-compose@4.1.0@koa-compose/index.js:42:32)
    at /root/Projects/koa_app/node_modules/_koa-compose@4.1.0@koa-compose/index.js:34:12
    at Application.handleRequest (/root/Projects/koa_app/node_modules/_koa@2.7.0@koa/lib/application.js:151:12)
    at Server.handleRequest (/root/Projects/koa_app/node_modules/_koa@2.7.0@koa/lib/application.js:133:19)
    at Server.emit (events.js:188:13) message: 'failed to decode' }
{ BadRequestError: failed to decode
    at Object.throw (/root/Projects/koa_app/node_modules/_koa@2.7.0@koa/lib/context.js:97:11)
    at send (/root/Projects/koa_app/node_modules/_koa-send@5.0.0@koa-send/index.js:63:36)
    at serve (/root/Projects/koa_app/node_modules/_koa-static@5.0.0@koa-static/index.js:44:24)
    at dispatch (/root/Projects/koa_app/node_modules/_koa-compose@4.1.0@koa-compose/index.js:42:32)
    at cors (/root/Projects/koa_app/node_modules/_koa2-cors@2.0.6@koa2-cors/dist/index.js:91:15)
    at dispatch (/root/Projects/koa_app/node_modules/_koa-compose@4.1.0@koa-compose/index.js:42:32)
    at /root/Projects/koa_app/node_modules/_koa-compose@4.1.0@koa-compose/index.js:34:12
    at Application.handleRequest (/root/Projects/koa_app/node_modules/_koa@2.7.0@koa/lib/application.js:151:12)
    at Server.handleRequest (/root/Projects/koa_app/node_modules/_koa@2.7.0@koa/lib/application.js:133:19)
    at Server.emit (events.js:188:13) message: 'failed to decode' }
{ BadRequestError: failed to decode
    at Object.throw (/root/Projects/koa_app/node_modules/_koa@2.7.0@koa/lib/context.js:97:11)
    at send (/root/Projects/koa_app/node_modules/_koa-send@5.0.0@koa-send/index.js:63:36)
    at serve (/root/Projects/koa_app/node_modules/_koa-static@5.0.0@koa-static/index.js:44:24)
    at dispatch (/root/Projects/koa_app/node_modules/_koa-compose@4.1.0@koa-compose/index.js:42:32)
    at cors (/root/Projects/koa_app/node_modules/_koa2-cors@2.0.6@koa2-cors/dist/index.js:91:15)
    at dispatch (/root/Projects/koa_app/node_modules/_koa-compose@4.1.0@koa-compose/index.js:42:32)
    at /root/Projects/koa_app/node_modules/_koa-compose@4.1.0@koa-compose/index.js:34:12
    at Application.handleRequest (/root/Projects/koa_app/node_modules/_koa@2.7.0@koa/lib/application.js:151:12)
    at Server.handleRequest (/root/Projects/koa_app/node_modules/_koa@2.7.0@koa/lib/application.js:133:19)
    at Server.emit (events.js:188:13) message: 'failed to decode' }
{ BadRequestError: failed to decode
    at Object.throw (/root/Projects/koa_app/node_modules/_koa@2.7.0@koa/lib/context.js:97:11)
    at send (/root/Projects/koa_app/node_modules/_koa-send@5.0.0@koa-send/index.js:63:36)
    at serve (/root/Projects/koa_app/node_modules/_koa-static@5.0.0@koa-static/index.js:44:24)
    at dispatch (/root/Projects/koa_app/node_modules/_koa-compose@4.1.0@koa-compose/index.js:42:32)
    at cors (/root/Projects/koa_app/node_modules/_koa2-cors@2.0.6@koa2-cors/dist/index.js:91:15)
    at dispatch (/root/Projects/koa_app/node_modules/_koa-compose@4.1.0@koa-compose/index.js:42:32)
    at /root/Projects/koa_app/node_modules/_koa-compose@4.1.0@koa-compose/index.js:34:12
    at Application.handleRequest (/root/Projects/koa_app/node_modules/_koa@2.7.0@koa/lib/application.js:151:12)
    at Server.handleRequest (/root/Projects/koa_app/node_modules/_koa@2.7.0@koa/lib/application.js:133:19)
    at Server.emit (events.js:188:13) message: 'failed to decode' }
{ BadRequestError: failed to decode
    at Object.throw (/root/Projects/koa_app/node_modules/_koa@2.7.0@koa/lib/context.js:97:11)
    at send (/root/Projects/koa_app/node_modules/_koa-send@5.0.0@koa-send/index.js:63:36)
    at serve (/root/Projects/koa_app/node_modules/_koa-static@5.0.0@koa-static/index.js:44:24)
    at dispatch (/root/Projects/koa_app/node_modules/_koa-compose@4.1.0@koa-compose/index.js:42:32)
    at cors (/root/Projects/koa_app/node_modules/_koa2-cors@2.0.6@koa2-cors/dist/index.js:91:15)
    at dispatch (/root/Projects/koa_app/node_modules/_koa-compose@4.1.0@koa-compose/index.js:42:32)
    at /root/Projects/koa_app/node_modules/_koa-compose@4.1.0@koa-compose/index.js:34:12
    at Application.handleRequest (/root/Projects/koa_app/node_modules/_koa@2.7.0@koa/lib/application.js:151:12)
    at Server.handleRequest (/root/Projects/koa_app/node_modules/_koa@2.7.0@koa/lib/application.js:133:19)
    at Server.emit (events.js:188:13) message: 'failed to decode' }
{ BadRequestError: failed to decode
    at Object.throw (/root/Projects/koa_app/node_modules/_koa@2.7.0@koa/lib/context.js:97:11)
    at send (/root/Projects/koa_app/node_modules/_koa-send@5.0.0@koa-send/index.js:63:36)
    at serve (/root/Projects/koa_app/node_modules/_koa-static@5.0.0@koa-static/index.js:44:24)
    at dispatch (/root/Projects/koa_app/node_modules/_koa-compose@4.1.0@koa-compose/index.js:42:32)
    at cors (/root/Projects/koa_app/node_modules/_koa2-cors@2.0.6@koa2-cors/dist/index.js:91:15)
    at dispatch (/root/Projects/koa_app/node_modules/_koa-compose@4.1.0@koa-compose/index.js:42:32)
    at /root/Projects/koa_app/node_modules/_koa-compose@4.1.0@koa-compose/index.js:34:12
    at Application.handleRequest (/root/Projects/koa_app/node_modules/_koa@2.7.0@koa/lib/application.js:151:12)
    at Server.handleRequest (/root/Projects/koa_app/node_modules/_koa@2.7.0@koa/lib/application.js:133:19)
    at Server.emit (events.js:188:13) message: 'failed to decode' }
{ BadRequestError: failed to decode
    at Object.throw (/root/Projects/koa_app/node_modules/_koa@2.7.0@koa/lib/context.js:97:11)
    at send (/root/Projects/koa_app/node_modules/_koa-send@5.0.0@koa-send/index.js:63:36)
    at serve (/root/Projects/koa_app/node_modules/_koa-static@5.0.0@koa-static/index.js:44:24)
    at dispatch (/root/Projects/koa_app/node_modules/_koa-compose@4.1.0@koa-compose/index.js:42:32)
    at cors (/root/Projects/koa_app/node_modules/_koa2-cors@2.0.6@koa2-cors/dist/index.js:91:15)
    at dispatch (/root/Projects/koa_app/node_modules/_koa-compose@4.1.0@koa-compose/index.js:42:32)
    at /root/Projects/koa_app/node_modules/_koa-compose@4.1.0@koa-compose/index.js:34:12
    at Application.handleRequest (/root/Projects/koa_app/node_modules/_koa@2.7.0@koa/lib/application.js:151:12)
    at Server.handleRequest (/root/Projects/koa_app/node_modules/_koa@2.7.0@koa/lib/application.js:133:19)
    at Server.emit (events.js:188:13) message: 'failed to decode' }
{ BadRequestError: failed to decode
    at Object.throw (/root/Projects/koa_app/node_modules/_koa@2.7.0@koa/lib/context.js:97:11)
    at send (/root/Projects/koa_app/node_modules/_koa-send@5.0.0@koa-send/index.js:63:36)
    at serve (/root/Projects/koa_app/node_modules/_koa-static@5.0.0@koa-static/index.js:44:24)
    at dispatch (/root/Projects/koa_app/node_modules/_koa-compose@4.1.0@koa-compose/index.js:42:32)
    at cors (/root/Projects/koa_app/node_modules/_koa2-cors@2.0.6@koa2-cors/dist/index.js:91:15)
    at dispatch (/root/Projects/koa_app/node_modules/_koa-compose@4.1.0@koa-compose/index.js:42:32)
    at /root/Projects/koa_app/node_modules/_koa-compose@4.1.0@koa-compose/index.js:34:12
    at Application.handleRequest (/root/Projects/koa_app/node_modules/_koa@2.7.0@koa/lib/application.js:151:12)
    at Server.handleRequest (/root/Projects/koa_app/node_modules/_koa@2.7.0@koa/lib/application.js:133:19)
    at Server.emit (events.js:188:13) message: 'failed to decode' }
{ BadRequestError: failed to decode
    at Object.throw (/root/Projects/koa_app/node_modules/_koa@2.7.0@koa/lib/context.js:97:11)
    at send (/root/Projects/koa_app/node_modules/_koa-send@5.0.0@koa-send/index.js:63:36)
    at serve (/root/Projects/koa_app/node_modules/_koa-static@5.0.0@koa-static/index.js:44:24)
    at dispatch (/root/Projects/koa_app/node_modules/_koa-compose@4.1.0@koa-compose/index.js:42:32)
    at cors (/root/Projects/koa_app/node_modules/_koa2-cors@2.0.6@koa2-cors/dist/index.js:91:15)
    at dispatch (/root/Projects/koa_app/node_modules/_koa-compose@4.1.0@koa-compose/index.js:42:32)
    at /root/Projects/koa_app/node_modules/_koa-compose@4.1.0@koa-compose/index.js:34:12
    at Application.handleRequest (/root/Projects/koa_app/node_modules/_koa@2.7.0@koa/lib/application.js:151:12)
    at Server.handleRequest (/root/Projects/koa_app/node_modules/_koa@2.7.0@koa/lib/application.js:133:19)
    at Server.emit (events.js:188:13) message: 'failed to decode' }
{ BadRequestError: failed to decode
    at Object.throw (/root/Projects/koa_app/node_modules/_koa@2.7.0@koa/lib/context.js:97:11)
    at send (/root/Projects/koa_app/node_modules/_koa-send@5.0.0@koa-send/index.js:63:36)
    at serve (/root/Projects/koa_app/node_modules/_koa-static@5.0.0@koa-static/index.js:44:24)
    at dispatch (/root/Projects/koa_app/node_modules/_koa-compose@4.1.0@koa-compose/index.js:42:32)
    at cors (/root/Projects/koa_app/node_modules/_koa2-cors@2.0.6@koa2-cors/dist/index.js:91:15)
    at dispatch (/root/Projects/koa_app/node_modules/_koa-compose@4.1.0@koa-compose/index.js:42:32)
    at /root/Projects/koa_app/node_modules/_koa-compose@4.1.0@koa-compose/index.js:34:12
    at Application.handleRequest (/root/Projects/koa_app/node_modules/_koa@2.7.0@koa/lib/application.js:151:12)
    at Server.handleRequest (/root/Projects/koa_app/node_modules/_koa@2.7.0@koa/lib/application.js:133:19)
    at Server.emit (events.js:188:13) message: 'failed to decode' }
{ BadRequestError: failed to decode
    at Object.throw (/root/Projects/koa_app/node_modules/_koa@2.7.0@koa/lib/context.js:97:11)
    at send (/root/Projects/koa_app/node_modules/_koa-send@5.0.0@koa-send/index.js:63:36)
    at serve (/root/Projects/koa_app/node_modules/_koa-static@5.0.0@koa-static/index.js:44:24)
    at dispatch (/root/Projects/koa_app/node_modules/_koa-compose@4.1.0@koa-compose/index.js:42:32)
    at cors (/root/Projects/koa_app/node_modules/_koa2-cors@2.0.6@koa2-cors/dist/index.js:91:15)
    at dispatch (/root/Projects/koa_app/node_modules/_koa-compose@4.1.0@koa-compose/index.js:42:32)
    at /root/Projects/koa_app/node_modules/_koa-compose@4.1.0@koa-compose/index.js:34:12
    at Application.handleRequest (/root/Projects/koa_app/node_modules/_koa@2.7.0@koa/lib/application.js:151:12)
    at Server.handleRequest (/root/Projects/koa_app/node_modules/_koa@2.7.0@koa/lib/application.js:133:19)
    at Server.emit (events.js:188:13) message: 'failed to decode' }
{ BadRequestError: failed to decode
    at Object.throw (/root/Projects/koa_app/node_modules/_koa@2.7.0@koa/lib/context.js:97:11)
    at send (/root/Projects/koa_app/node_modules/_koa-send@5.0.0@koa-send/index.js:63:36)
    at serve (/root/Projects/koa_app/node_modules/_koa-static@5.0.0@koa-static/index.js:44:24)
    at dispatch (/root/Projects/koa_app/node_modules/_koa-compose@4.1.0@koa-compose/index.js:42:32)
    at cors (/root/Projects/koa_app/node_modules/_koa2-cors@2.0.6@koa2-cors/dist/index.js:91:15)
    at dispatch (/root/Projects/koa_app/node_modules/_koa-compose@4.1.0@koa-compose/index.js:42:32)
    at /root/Projects/koa_app/node_modules/_koa-compose@4.1.0@koa-compose/index.js:34:12
    at Application.handleRequest (/root/Projects/koa_app/node_modules/_koa@2.7.0@koa/lib/application.js:151:12)
    at Server.handleRequest (/root/Projects/koa_app/node_modules/_koa@2.7.0@koa/lib/application.js:133:19)
    at Server.emit (events.js:188:13) message: 'failed to decode' }
{ BadRequestError: failed to decode
    at Object.throw (/root/Projects/koa_app/node_modules/_koa@2.7.0@koa/lib/context.js:97:11)
    at send (/root/Projects/koa_app/node_modules/_koa-send@5.0.0@koa-send/index.js:63:36)
    at serve (/root/Projects/koa_app/node_modules/_koa-static@5.0.0@koa-static/index.js:44:24)
    at dispatch (/root/Projects/koa_app/node_modules/_koa-compose@4.1.0@koa-compose/index.js:42:32)
    at cors (/root/Projects/koa_app/node_modules/_koa2-cors@2.0.6@koa2-cors/dist/index.js:91:15)
    at dispatch (/root/Projects/koa_app/node_modules/_koa-compose@4.1.0@koa-compose/index.js:42:32)
    at /root/Projects/koa_app/node_modules/_koa-compose@4.1.0@koa-compose/index.js:34:12
    at Application.handleRequest (/root/Projects/koa_app/node_modules/_koa@2.7.0@koa/lib/application.js:151:12)
    at Server.handleRequest (/root/Projects/koa_app/node_modules/_koa@2.7.0@koa/lib/application.js:133:19)
    at Server.emit (events.js:188:13) message: 'failed to decode' }
{ BadRequestError: failed to decode
    at Object.throw (/root/Projects/koa_app/node_modules/_koa@2.7.0@koa/lib/context.js:97:11)
    at send (/root/Projects/koa_app/node_modules/_koa-send@5.0.0@koa-send/index.js:63:36)
    at serve (/root/Projects/koa_app/node_modules/_koa-static@5.0.0@koa-static/index.js:44:24)
    at dispatch (/root/Projects/koa_app/node_modules/_koa-compose@4.1.0@koa-compose/index.js:42:32)
    at cors (/root/Projects/koa_app/node_modules/_koa2-cors@2.0.6@koa2-cors/dist/index.js:91:15)
    at dispatch (/root/Projects/koa_app/node_modules/_koa-compose@4.1.0@koa-compose/index.js:42:32)
    at /root/Projects/koa_app/node_modules/_koa-compose@4.1.0@koa-compose/index.js:34:12
    at Application.handleRequest (/root/Projects/koa_app/node_modules/_koa@2.7.0@koa/lib/application.js:151:12)
    at Server.handleRequest (/root/Projects/koa_app/node_modules/_koa@2.7.0@koa/lib/application.js:133:19)
    at Server.emit (events.js:188:13) message: 'failed to decode' }
{ BadRequestError: failed to decode
    at Object.throw (/root/Projects/koa_app/node_modules/_koa@2.7.0@koa/lib/context.js:97:11)
    at send (/root/Projects/koa_app/node_modules/_koa-send@5.0.0@koa-send/index.js:63:36)
    at serve (/root/Projects/koa_app/node_modules/_koa-static@5.0.0@koa-static/index.js:44:24)
    at dispatch (/root/Projects/koa_app/node_modules/_koa-compose@4.1.0@koa-compose/index.js:42:32)
    at cors (/root/Projects/koa_app/node_modules/_koa2-cors@2.0.6@koa2-cors/dist/index.js:91:15)
    at dispatch (/root/Projects/koa_app/node_modules/_koa-compose@4.1.0@koa-compose/index.js:42:32)
    at /root/Projects/koa_app/node_modules/_koa-compose@4.1.0@koa-compose/index.js:34:12
    at Application.handleRequest (/root/Projects/koa_app/node_modules/_koa@2.7.0@koa/lib/application.js:151:12)
    at Server.handleRequest (/root/Projects/koa_app/node_modules/_koa@2.7.0@koa/lib/application.js:133:19)
    at Server.emit (events.js:188:13) message: 'failed to decode' }
